2017-08-24 16:03:25.299  INFO 21896 --- [main] o.o.e.s.EncfsFileManagerApplication      : Starting EncfsFileManagerApplication on LFR014242 with PID 21896 (D:\workspaces\perso\EncfsFileManager\server\target\classes started by gprime in D:\workspaces\perso\EncfsFileManager\server)
2017-08-24 16:03:25.300  INFO 21896 --- [main] o.o.e.s.EncfsFileManagerApplication      : No active profile set, falling back to default profiles: default
2017-08-24 16:03:25.395  INFO 21896 --- [main] ationConfigEmbeddedWebApplicationContext : Refreshing org.springframework.boot.context.embedded.AnnotationConfigEmbeddedWebApplicationContext@25359ed8: startup date [Thu Aug 24 16:03:25 CEST 2017]; root of context hierarchy
2017-08-24 16:03:26.673  INFO 21896 --- [main] o.s.b.f.s.DefaultListableBeanFactory     : Overriding bean definition for bean 'beanNameViewResolver' with a different definition: replacing [Root bean: class [null]; scope=; abstract=false; lazyInit=false; autowireMode=3; dependencyCheck=0; autowireCandidate=true; primary=false; factoryBeanName=org.springframework.boot.autoconfigure.web.ErrorMvcAutoConfiguration$WhitelabelErrorViewConfiguration; factoryMethodName=beanNameViewResolver; initMethodName=null; destroyMethodName=(inferred); defined in class path resource [org/springframework/boot/autoconfigure/web/ErrorMvcAutoConfiguration$WhitelabelErrorViewConfiguration.class]] with [Root bean: class [null]; scope=; abstract=false; lazyInit=false; autowireMode=3; dependencyCheck=0; autowireCandidate=true; primary=false; factoryBeanName=org.springframework.boot.autoconfigure.web.WebMvcAutoConfiguration$WebMvcAutoConfigurationAdapter; factoryMethodName=beanNameViewResolver; initMethodName=null; destroyMethodName=(inferred); defined in class path resource [org/springframework/boot/autoconfigure/web/WebMvcAutoConfiguration$WebMvcAutoConfigurationAdapter.class]]
2017-08-24 16:03:27.658  INFO 21896 --- [main] o.s.s.a.AsyncAnnotationBeanPostProcessor : No TaskExecutor bean found for async annotation processing.
2017-08-24 16:03:28.927  INFO 21896 --- [main] s.b.c.e.t.TomcatEmbeddedServletContainer : Tomcat initialized with port(s): 8383 (http)
2017-08-24 16:03:28.949  INFO 21896 --- [main] o.apache.catalina.core.StandardService   : Starting service Tomcat
2017-08-24 16:03:28.951  INFO 21896 --- [main] org.apache.catalina.core.StandardEngine  : Starting Servlet Engine: Apache Tomcat/8.0.32
2017-08-24 16:03:29.147  INFO 21896 --- [localhost-startStop-1] o.a.c.c.C.[Tomcat].[localhost].[/api]    : Initializing Spring embedded WebApplicationContext
2017-08-24 16:03:29.147  INFO 21896 --- [localhost-startStop-1] o.s.web.context.ContextLoader            : Root WebApplicationContext: initialization completed in 3757 ms
2017-08-24 16:03:29.931  INFO 21896 --- [localhost-startStop-1] o.s.b.c.embedded.FilterRegistrationBean  : Mapping filter: 'metricFilter' to: [/*]
2017-08-24 16:03:29.932  INFO 21896 --- [localhost-startStop-1] o.s.b.c.embedded.FilterRegistrationBean  : Mapping filter: 'characterEncodingFilter' to: [/*]
2017-08-24 16:03:29.932  INFO 21896 --- [localhost-startStop-1] o.s.b.c.embedded.FilterRegistrationBean  : Mapping filter: 'hiddenHttpMethodFilter' to: [/*]
2017-08-24 16:03:29.932  INFO 21896 --- [localhost-startStop-1] o.s.b.c.embedded.FilterRegistrationBean  : Mapping filter: 'httpPutFormContentFilter' to: [/*]
2017-08-24 16:03:29.932  INFO 21896 --- [localhost-startStop-1] o.s.b.c.embedded.FilterRegistrationBean  : Mapping filter: 'requestContextFilter' to: [/*]
2017-08-24 16:03:29.934  INFO 21896 --- [localhost-startStop-1] .e.DelegatingFilterProxyRegistrationBean : Mapping filter: 'springSecurityFilterChain' to: [/*]
2017-08-24 16:03:29.934  INFO 21896 --- [localhost-startStop-1] o.s.b.c.embedded.FilterRegistrationBean  : Mapping filter: 'webRequestLoggingFilter' to: [/*]
2017-08-24 16:03:29.935  INFO 21896 --- [localhost-startStop-1] o.s.b.c.embedded.FilterRegistrationBean  : Mapping filter: 'applicationContextIdFilter' to: [/*]
2017-08-24 16:03:29.935  INFO 21896 --- [localhost-startStop-1] o.s.b.c.e.ServletRegistrationBean        : Mapping servlet: 'dispatcherServlet' to [/]
2017-08-24 16:03:30.622  INFO 21896 --- [localhost-startStop-1] b.a.s.AuthenticationManagerConfiguration : 

Using default security password: 92822933-3e3b-42af-9839-8a7a36298922

2017-08-24 16:03:30.641  INFO 21896 --- [localhost-startStop-1] o.s.s.web.DefaultSecurityFilterChain     : Creating filter chain: OrRequestMatcher [requestMatchers=[Ant [pattern='/css/**'], Ant [pattern='/js/**'], Ant [pattern='/images/**'], Ant [pattern='/**/favicon.ico'], Ant [pattern='/error']]], []
2017-08-24 16:03:30.769  INFO 21896 --- [localhost-startStop-1] o.s.s.web.DefaultSecurityFilterChain     : Creating filter chain: org.springframework.security.web.util.matcher.AnyRequestMatcher@1, [org.springframework.security.web.context.request.async.WebAsyncManagerIntegrationFilter@588b8d48, org.springframework.security.web.context.SecurityContextPersistenceFilter@5719b3e, org.springframework.security.web.header.HeaderWriterFilter@1e6186c9, org.springframework.security.web.authentication.logout.LogoutFilter@4846aea5, org.springframework.security.web.authentication.www.BasicAuthenticationFilter@1607b324, org.springframework.security.web.savedrequest.RequestCacheAwareFilter@7fb6c85a, org.springframework.security.web.servletapi.SecurityContextHolderAwareRequestFilter@4b3bed07, org.springframework.security.web.authentication.AnonymousAuthenticationFilter@733e8bee, org.springframework.security.web.session.SessionManagementFilter@605b930e, org.springframework.security.web.access.ExceptionTranslationFilter@760f63d3, org.springframework.security.web.access.intercept.FilterSecurityInterceptor@486f066c]
2017-08-24 16:03:30.789  INFO 21896 --- [localhost-startStop-1] o.s.s.web.DefaultSecurityFilterChain     : Creating filter chain: org.springframework.boot.actuate.autoconfigure.ManagementWebSecurityAutoConfiguration$LazyEndpointPathRequestMatcher@52da8833, [org.springframework.security.web.context.request.async.WebAsyncManagerIntegrationFilter@6788cfd7, org.springframework.security.web.context.SecurityContextPersistenceFilter@6b853e10, org.springframework.security.web.header.HeaderWriterFilter@711b3199, org.springframework.security.web.authentication.logout.LogoutFilter@3df1346, org.springframework.security.web.authentication.www.BasicAuthenticationFilter@1d363214, org.springframework.security.web.savedrequest.RequestCacheAwareFilter@5c6abdb5, org.springframework.security.web.servletapi.SecurityContextHolderAwareRequestFilter@74d5d858, org.springframework.security.web.authentication.AnonymousAuthenticationFilter@845bd7d, org.springframework.security.web.session.SessionManagementFilter@3138d8bc, org.springframework.security.web.access.ExceptionTranslationFilter@75a85e13, org.springframework.security.web.access.intercept.FilterSecurityInterceptor@5886e487]
2017-08-24 16:03:30.980  INFO 21896 --- [main] s.w.s.m.m.a.RequestMappingHandlerAdapter : Looking for @ControllerAdvice: org.springframework.boot.context.embedded.AnnotationConfigEmbeddedWebApplicationContext@25359ed8: startup date [Thu Aug 24 16:03:25 CEST 2017]; root of context hierarchy
2017-08-24 16:03:31.080  INFO 21896 --- [main] s.w.s.m.m.a.RequestMappingHandlerMapping : Mapped "{[/content],methods=[GET]}" onto public org.springframework.http.ResponseEntity<org.optimus.encfsfilemanager.server.dto.FolderDto> org.optimus.encfsfilemanager.server.resources.api.ContentResource.getFolderContent(java.lang.String,boolean)
2017-08-24 16:03:31.083  INFO 21896 --- [main] s.w.s.m.m.a.RequestMappingHandlerMapping : Mapped "{[/file],methods=[GET]}" onto public org.springframework.http.ResponseEntity<org.springframework.core.io.FileSystemResource> org.optimus.encfsfilemanager.server.resources.api.FileResource.get(java.lang.String)
2017-08-24 16:03:31.084  INFO 21896 --- [main] s.w.s.m.m.a.RequestMappingHandlerMapping : Mapped "{[/file],methods=[DELETE]}" onto public org.springframework.http.ResponseEntity<java.lang.Void> org.optimus.encfsfilemanager.server.resources.api.FileResource.delete(java.lang.String) throws java.lang.Exception
2017-08-24 16:03:31.085  INFO 21896 --- [main] s.w.s.m.m.a.RequestMappingHandlerMapping : Mapped "{[/file],methods=[POST]}" onto public org.springframework.http.ResponseEntity<java.lang.Void> org.optimus.encfsfilemanager.server.resources.api.FileResource.addFile(java.lang.String,org.springframework.web.multipart.MultipartFile[]) throws java.lang.Exception
2017-08-24 16:03:31.086  INFO 21896 --- [main] s.w.s.m.m.a.RequestMappingHandlerMapping : Mapped "{[/],methods=[GET]}" onto public org.springframework.http.ResponseEntity<org.optimus.encfsfilemanager.server.dto.UserDto> org.optimus.encfsfilemanager.server.resources.api.RootResource.getContainerStats()
2017-08-24 16:03:31.092  INFO 21896 --- [main] s.w.s.m.m.a.RequestMappingHandlerMapping : Mapped "{[/error]}" onto public org.springframework.http.ResponseEntity<java.util.Map<java.lang.String, java.lang.Object>> org.springframework.boot.autoconfigure.web.BasicErrorController.error(javax.servlet.http.HttpServletRequest)
2017-08-24 16:03:31.093  INFO 21896 --- [main] s.w.s.m.m.a.RequestMappingHandlerMapping : Mapped "{[/error],produces=[text/html]}" onto public org.springframework.web.servlet.ModelAndView org.springframework.boot.autoconfigure.web.BasicErrorController.errorHtml(javax.servlet.http.HttpServletRequest,javax.servlet.http.HttpServletResponse)
2017-08-24 16:03:31.130  INFO 21896 --- [main] o.s.w.s.handler.SimpleUrlHandlerMapping  : Mapped URL path [/webjars/**] onto handler of type [class org.springframework.web.servlet.resource.ResourceHttpRequestHandler]
2017-08-24 16:03:31.130  INFO 21896 --- [main] o.s.w.s.handler.SimpleUrlHandlerMapping  : Mapped URL path [/**] onto handler of type [class org.springframework.web.servlet.resource.ResourceHttpRequestHandler]
2017-08-24 16:03:31.151  INFO 21896 --- [main] .m.m.a.ExceptionHandlerExceptionResolver : Detected @ExceptionHandler methods in globalExceptionHandler
2017-08-24 16:03:31.213  INFO 21896 --- [main] o.s.w.s.handler.SimpleUrlHandlerMapping  : Mapped URL path [/**/favicon.ico] onto handler of type [class org.springframework.web.servlet.resource.ResourceHttpRequestHandler]
2017-08-24 16:03:31.642  INFO 21896 --- [main] o.s.b.a.e.mvc.EndpointHandlerMapping     : Mapped "{[/trace || /trace.json],methods=[GET],produces=[application/json]}" onto public java.lang.Object org.springframework.boot.actuate.endpoint.mvc.EndpointMvcAdapter.invoke()
2017-08-24 16:03:31.645  INFO 21896 --- [main] o.s.b.a.e.mvc.EndpointHandlerMapping     : Mapped "{[/dump || /dump.json],methods=[GET],produces=[application/json]}" onto public java.lang.Object org.springframework.boot.actuate.endpoint.mvc.EndpointMvcAdapter.invoke()
2017-08-24 16:03:31.647  INFO 21896 --- [main] o.s.b.a.e.mvc.EndpointHandlerMapping     : Mapped "{[/metrics/{name:.*}],methods=[GET],produces=[application/json]}" onto public java.lang.Object org.springframework.boot.actuate.endpoint.mvc.MetricsMvcEndpoint.value(java.lang.String)
2017-08-24 16:03:31.648  INFO 21896 --- [main] o.s.b.a.e.mvc.EndpointHandlerMapping     : Mapped "{[/metrics || /metrics.json],methods=[GET],produces=[application/json]}" onto public java.lang.Object org.springframework.boot.actuate.endpoint.mvc.EndpointMvcAdapter.invoke()
2017-08-24 16:03:31.650  INFO 21896 --- [main] o.s.b.a.e.mvc.EndpointHandlerMapping     : Mapped "{[/beans || /beans.json],methods=[GET],produces=[application/json]}" onto public java.lang.Object org.springframework.boot.actuate.endpoint.mvc.EndpointMvcAdapter.invoke()
2017-08-24 16:03:31.651  INFO 21896 --- [main] o.s.b.a.e.mvc.EndpointHandlerMapping     : Mapped "{[/logfile || /logfile.json],methods=[GET || HEAD]}" onto public void org.springframework.boot.actuate.endpoint.mvc.LogFileMvcEndpoint.invoke(javax.servlet.http.HttpServletRequest,javax.servlet.http.HttpServletResponse) throws javax.servlet.ServletException,java.io.IOException
2017-08-24 16:03:31.652  INFO 21896 --- [main] o.s.b.a.e.mvc.EndpointHandlerMapping     : Mapped "{[/configprops || /configprops.json],methods=[GET],produces=[application/json]}" onto public java.lang.Object org.springframework.boot.actuate.endpoint.mvc.EndpointMvcAdapter.invoke()
2017-08-24 16:03:31.653  INFO 21896 --- [main] o.s.b.a.e.mvc.EndpointHandlerMapping     : Mapped "{[/mappings || /mappings.json],methods=[GET],produces=[application/json]}" onto public java.lang.Object org.springframework.boot.actuate.endpoint.mvc.EndpointMvcAdapter.invoke()
2017-08-24 16:03:31.655  INFO 21896 --- [main] o.s.b.a.e.mvc.EndpointHandlerMapping     : Mapped "{[/env/{name:.*}],methods=[GET],produces=[application/json]}" onto public java.lang.Object org.springframework.boot.actuate.endpoint.mvc.EnvironmentMvcEndpoint.value(java.lang.String)
2017-08-24 16:03:31.656  INFO 21896 --- [main] o.s.b.a.e.mvc.EndpointHandlerMapping     : Mapped "{[/env || /env.json],methods=[GET],produces=[application/json]}" onto public java.lang.Object org.springframework.boot.actuate.endpoint.mvc.EndpointMvcAdapter.invoke()
2017-08-24 16:03:31.658  INFO 21896 --- [main] o.s.b.a.e.mvc.EndpointHandlerMapping     : Mapped "{[/health || /health.json],produces=[application/json]}" onto public java.lang.Object org.springframework.boot.actuate.endpoint.mvc.HealthMvcEndpoint.invoke(java.security.Principal)
2017-08-24 16:03:31.660  INFO 21896 --- [main] o.s.b.a.e.mvc.EndpointHandlerMapping     : Mapped "{[/autoconfig || /autoconfig.json],methods=[GET],produces=[application/json]}" onto public java.lang.Object org.springframework.boot.actuate.endpoint.mvc.EndpointMvcAdapter.invoke()
2017-08-24 16:03:31.662  INFO 21896 --- [main] o.s.b.a.e.mvc.EndpointHandlerMapping     : Mapped "{[/info || /info.json],methods=[GET],produces=[application/json]}" onto public java.lang.Object org.springframework.boot.actuate.endpoint.mvc.EndpointMvcAdapter.invoke()
2017-08-24 16:03:31.756  INFO 21896 --- [main] o.s.j.e.a.AnnotationMBeanExporter        : Registering beans for JMX exposure on startup
2017-08-24 16:03:31.769  INFO 21896 --- [main] o.s.c.support.DefaultLifecycleProcessor  : Starting beans in phase 0
2017-08-24 16:03:32.013  INFO 21896 --- [main] s.b.c.e.t.TomcatEmbeddedServletContainer : Tomcat started on port(s): 8383 (http)
2017-08-24 16:03:32.023  INFO 21896 --- [main] o.o.e.s.EncfsFileManagerApplication      : Started EncfsFileManagerApplication in 7.24 seconds (JVM running for 7.799)
2017-08-24 16:03:32.023  INFO 21896 --- [main] o.o.e.s.EncfsFileManagerApplication      : Application started
